Status(
    _api = None, 
    _json = {
        'created_at': 'Sat Oct 23 19:50:45 +0000 2021',
        'id': 1451999556791590924,
        'id_str': '1451999556791590924',
        'text': 'VEJA a PALHAÇADA, apoiadores de LULA tentam SAB0TAR BOLSONARO e DELEGADO... https://t.co/sGk5ylYKf9 via @YouTube',
        'truncated': False,
        'entities': {
            'hashtags': [],
            'symbols': [],
            'user_mentions': [{
                'screen_name': 'YouTube',
                'name': 'YouTube',
                'id': 10228272,
                'id_str': '10228272',
                'indices': [104, 112]
            }],
            'urls': [{
                'url': 'https://t.co/sGk5ylYKf9',
                'expanded_url': 'https://youtu.be/-IfYZ7GpLng',
                'display_url': 'youtu.be/-IfYZ7GpLng',
                'indices': [76, 99]
            }]
        },
        'metadata': {
            'iso_language_code': 'pt',
            'result_type': 'recent'
        },
        'source': '<a href="https://mobile.twitter.com" rel="nofollow">Twitter Web App</a>',
        'in_reply_to_status_id': None,
        'in_reply_to_status_id_str': None,
        'in_reply_to_user_id': None,
        'in_reply_to_user_id_str': None,
        'in_reply_to_screen_name': None,
        'user': {
            'id': 626941871,
            'id_str': '626941871',
            'name': 'Lino Poderoso',
            'screen_name': 'LinoPoderoso',
            'location': 'São Paulo, Brasil',
            'description': '🗝️',
            'url': None,
            'entities': {
                'description': {
                    'urls': []
                }
            },
            'protec ted': False,
            'followers_count': 16,
            'friends_count': 73,
            'listed_count': 0,
            'created_at': 'Thu Jul 05 01:25:54 +0000 2012',
            'favourites_count': 1087,
            'utc_offset': None,
            'time_zone': None,
            'geo_enabled': True,
            'verified': False,
            'statuses_count': 11753,
            'lang': None,
            'contributors_enabled': False,
            'is_translator': False,
            'is_translation_enabled': False,
            'profile_background_color': '000000',
            'profile_background_image_url': 'http://abs.twimg.com/images/themes/theme1/bg.png',
            'profile_background_image_url_https': 'https://abs.twimg.com/images/themes/theme1/bg.png',
            'profile_background_tile': False,
            'profile_image_url': 'http://pbs.twimg.com/profile_images/863873205974568960/_eZD1BpO_normal.jpg',
            'profile_image_url_https': 'https://pbs.twimg.com/profile_images/863873205974568960/_eZD1BpO_normal.jpg',
            'profile_banner_url': 'https://pbs.twimg.com/profile_banners/626941871/1602356924',
            'profile_link_color': '1B95E0',
            'profile_sidebar_border_color': '000000',
            'profile_sidebar_fill_color': '000000',
            'profile_text_color': '000000',
            'profile_use_background_image': False,
            'has_extended_profile': True,
            'default_profile': False,
            'default_profile_image': False,
            'following': None,
            'follow_request_sent': None,
            'notifications': None,
            'translator_type': 'none',
            'withheld_in_countries': []
        },
        'geo': None,
        'coordinates': None,
        'place': None,
        'contributors': None,
        'is_quote_status': False,
        'retweet_count': 0,
        'favorite_count': 0,
        'favorited': False,
        'retweeted': False,
        'possibly_sensitive': False,
        'lang': 'pt'
    }, 
    created_at = datetime.datetime(2021, 10, 23, 19, 50, 45, tzinfo = datetime.timezone.utc), 
    id = 1451999556791590924, 
    id_str = '1451999556791590924', 
    text = 'VEJA a PALHAÇADA, apoiadores de LULA tentam SAB0TAR BOLSONARO e DELEGADO... https://t.co/sGk5ylYKf9 via @YouTube', 
    truncated = False, 
    entities = {
	'hashtags': [],
	'symbols': [],
	'user_mentions': [{
		'screen_name': 'YouTube',
		'name': 'YouTube',
		'id': 10228272,
		'id_str': '10228272',
		'indices': [104, 112]
	}],
	'urls': [{
		'url': 'https://t.co/sGk5ylYKf9',
		'expanded_url': 'https://youtu.be/-IfYZ7GpLng',
		'display_url': 'youtu.be/-IfYZ7GpLng',
		'indices': [76, 99]
	}]
}, 
metadata = {
	'iso_language_code': 'pt',
	'result_type': 'recent'
}, 
source = 'Twitter Web App', 
source_url = 'https://mobile.twitter.com', 
in_reply_to_status_id = None, 
in_reply_to_status_id_str = None, 
in_reply_to_user_id = None, 
in_reply_to_user_id_str = None, 
in_reply_to_screen_name = None, 
author = 
User(_api = None, 
    _json = {
	'id': 626941871,
	'id_str': '626941871',
	'name': 'Lino Poderoso',
	'screen_name': 'LinoPoderoso',
	'location': 'São Paulo, Brasil',
	'description': '🗝️',
	'url': None,
	'entities ': {
		'description': {
			'urls': []
		}
	},
	'protected': False,
	'followers_count': 16,
	'friends_count': 73,
	'listed_count': 0,
	'created_at': 'Thu Jul 05 01:25:54 +0000 2012',
	'favourites_count': 1087,
	'utc_offset': None,
	'time_zone': None,
	'geo_enabled': True,
	'verified': False,
	'statuses_count': 11753,
	'lang': None,
	'contributors_enabled': False,
	'is_translator': False,
	'is_translation_enabled': False,
	'profile_background_color': '000000',
	'profile_background_image_url': 'http://abs.twimg.com/images/themes/theme1/bg.png',
	'profile_background_image_url_https': 'https://abs.twimg.com/images/themes/theme1/bg.png',
	'profile_background_tile': False,
	'profile_image_url': 'http://pbs.twimg.com/profile_images/863873205974568960/_eZD1BpO_normal.jpg',
	'profile_image_url_https': 'https://pbs.twimg.com/profile_images/863873205974568960/_eZD1BpO_normal.jpg',
	'profile_banner_url': 'https://pbs.twimg.com/profile_banners/626941871/1602356924',
	'profile_link_color': '1B95E0',
	'profile_sidebar_border_color': '000000',
	'profile_sidebar_fill_color': '000000',
	'profile_text_color': '000000',
	'profile_use_background_image': False,
	'has_extended_profile': True,
	'default_profile': False,
	'default_profile_image': False,
	'following': None,
	'follow_request_sent': None,
	'notifications': None,
	'translator_type': 'none',
	'withheld_in_countries': []
}, 
id = 626941871, 
id_str = '626941871', 
name = 'Lino Poderoso', 
screen_name = 'LinoPoderoso', 
location = 'São Paulo, Brasil', 
description = '🗝️', 
url = None, 
entities = {
	'description': {
		'urls': []
	}
}, 
protected = False, 
followers_count = 16, fri 
ends_count = 73, 
listed_count = 0, 
created_at = datetime.datetime(2012, 7, 5, 1, 25, 54, tzinfo = datetime.timezone.utc), 
favourites_count = 1087, utc_offset = None, time_zone = None, geo_enabled = True, verified = False, statuses_count = 11753, lang = None, contributors_enabled = False, is_translator = False, is_translation_enabled = False, profile_background_color = '000000', profile_background_image_url = 'http://abs.twimg.com/images/themes/theme1/bg.png', profile_background_image_url_https = 'https://abs.twimg.com/images/themes/theme1/bg.png', profile_background_tile = False, profile_image_url = 'http://pbs.twimg.com/profile_images/863873205974568960/_eZD1BpO_normal.jpg', profile_image_url_https = 'https://pbs.twimg.com/profile_images/863873205974568960/_eZD1BpO_normal.jpg', profile_banner_url = 'https://pbs.twimg.com/profile_banners/626941871/1602356924', profile_link_color = '1B95E0', profile_sidebar_border_color = '000000', profile_sidebar_fill_color = '000000', profile_text_color = '000000', profile_use_background_image = False, has_extended_profile = True, default_profile = False, default_profile_image = False, following = False, follow_request_sent = None, notifications = None, translator_type = 'none', withheld_in_countries = []), user = User(_api = None, _json = {
	'id': 626941871,
	'id_str': '626941871',
	'name': 'Lino Poderoso',
	'screen_name': 'LinoPoderoso',
	'location': 'São Paulo, Brasil',
	'description': '🗝️',
	'url': None,
	'entities': {
		'description': {
			'urls': []
		}
	},
	'protected': False,
	'followers_count': 16,
	'friends_count': 73,
	'listed_count': 0,
	'created_at': 'Thu Jul 05 01:25:54 +0000 2012',
	'favourites_count': 1087,
	'utc_offset': None,
	'time_zone': None,
	'geo_enabled': True,
	'verified': False,
	'statuses_count': 11753,
	'lang': None,
	'contributors_enabled': False,
	'is_translator': False,
	'is_translation_enabled': False,
	'profile_background_color': '000000',
	'profile_background_image_url': 'http://abs.twimg.com/images/themes/theme1/bg.png',
	'profile_background_image_url_https': 'https://abs.twimg.com/images/themes/theme1/bg.png',
	'profile_background_tile': False,
	'profile_image_url': 'http://pbs.twimg.com/profile_images/863873205974568960/_eZD1BpO_normal.jpg',
	'profile_image_url_https': 'https://pbs.twimg.com/profile_images/863873205974568960/_eZD1BpO_normal.jpg',
	'profile_banner_url': 'https://pbs.twimg.com/profile_banners/626941871/1602356924',
	'profile_link_color': '1B95E0',
	'profile_sidebar_border_color': '000000',
	'profile_sidebar_fill_color': '000000',
	'profile_text_color': '000000',
	'profile_use_background_image': False,
	'has_extended_profile': True,
	'default_profile': False,
	'default_profile_image': False,
	'following': None,
	'follow_request_sent': None,
	'notifications': None,
	'translator_type': 'none',
	'withheld_in_countries': []
}, id = 626941871, id_str = '626941871', name = 'Lino Poderoso', screen_name = 'LinoPoderoso', location = 'São Paulo, Brasil', description = '🗝️', url = None, entities = {
	'description': {
		'urls': []
	}
}, protected = False, followers_co unt = 16, friends_count = 73, listed_count = 0, created_at = datetime.datetime(2012, 7, 5, 1, 25, 54, tzinfo = datetime.timezone.utc), favourites_count = 1087, utc_offset = None, time_zone = None, geo_enabled = True, verified = False, statuses_count = 11753, lang = None, contributors_enabled = False, is_translator = False, is_translation_enabled = False, profile_background_color = '000000', profile_background_image_url = 'http://abs.twimg.com/images/themes/theme1/bg.png', profile_background_image_url_https = 'https://abs.twimg.com/images/themes/theme1/bg.png', profile_background_tile = False, profile_image_url = 'http://pbs.twimg.com/profile_images/863873205974568960/_eZD1BpO_normal.jpg', profile_image_url_https = 'https://pbs.twimg.com/profile_images/863873205974568960/_eZD1BpO_normal.jpg', profile_banner_url = 'https://pbs.twimg.com/profile_banners/626941871/1602356924', profile_link_color = '1B95E0', profile_sidebar_border_color = '000000', profile_sidebar_fill_color = '000000', profile_text_color = '000000', profile_use_background_image = False, has_extended_profile = True, default_profile = False, default_profile_image = False, following = False, follow_request_sent = None, notifications = None, translator_type = 'none', withheld_in_countries = []), geo = None, coordinates = None, place = None, contributors = None, is_quote_status = False, retweet_count = 0, favorite_count = 0, favorited = False, retweeted = False, possibly_sensitive = False, lang = 'pt')